# JRE version: OpenJDK Runtime Environment (11.0.11+9) (build 11.0.11+9-b60-7590822)
# Java VM: OpenJDK 64-Bit Server VM (11.0.11+9-b60-7590822, mixed mode, tiered, compressed oops, g1 gc, windows-amd64)
Heap:
 garbage-first heap   total 545792K, used 218250K [0x0000000080000000, 0x0000000100000000)
  region size 1024K, 14 young (14336K), 14 survivors (14336K)
 Metaspace       used 114647K, capacity 118295K, committed 118556K, reserved 1150976K
  class space    used 14656K, capacity 16144K, committed 16256K, reserved 1048576K
GC Heap History (20 events):
Event: 59.524 GC heap after
{Heap after GC invocations=60 (full 0):
 garbage-first heap   total 338944K, used 184866K [0x0000000080000000, 0x0000000100000000)
  region size 1024K, 9 young (9216K), 9 survivors (9216K)
 Metaspace       used 113846K, capacity 117507K, committed 117660K, reserved 1150976K
  class space    used 14638K, capacity 16113K, committed 16128K, reserved 1048576K
}
Event: 59.870 GC heap before
{Heap before GC invocations=60 (full 0):
 garbage-first heap   total 338944K, used 283170K [0x0000000080000000, 0x0000000100000000)
  region size 1024K, 106 young (108544K), 9 survivors (9216K)
 Metaspace       used 114014K, capacity 117686K, committed 117916K, reserved 1150976K
  class space    used 14644K, capacity 16121K, committed 16128K, reserved 1048576K
}
Event: 59.888 GC heap after
{Heap after GC invocations=61 (full 0):
 garbage-first heap   total 338944K, used 191578K [0x0000000080000000, 0x0000000100000000)
  region size 1024K, 13 young (13312K), 13 survivors (13312K)
 Metaspace       used 114014K, capacity 117686K, committed 117916K, reserved 1150976K
  class space    used 14644K, capacity 16121K, committed 16128K, reserved 1048576K
}
Event: 60.170 GC heap before
{Heap before GC invocations=61 (full 0):
 garbage-first heap   total 338944K, used 283738K [0x0000000080000000, 0x0000000100000000)
  region size 1024K, 104 young (106496K), 13 survivors (13312K)
 Metaspace       used 114084K, capacity 117763K, committed 117916K, reserved 1150976K
  class space    used 14645K, capacity 16123K, committed 16128K, reserved 1048576K
}
Event: 60.195 GC heap after
{Heap after GC invocations=62 (full 0):
 garbage-first heap   total 407552K, used 196626K [0x0000000080000000, 0x0000000100000000)
  region size 1024K, 8 young (8192K), 8 survivors (8192K)
 Metaspace       used 114084K, capacity 117763K, committed 117916K, reserved 1150976K
  class space    used 14645K, capacity 16123K, committed 16128K, reserved 1048576K
}
Event: 60.629 GC heap before
{Heap before GC invocations=62 (full 0):
 garbage-first heap   total 407552K, used 321554K [0x0000000080000000, 0x0000000100000000)
  region size 1024K, 131 young (134144K), 8 survivors (8192K)
 Metaspace       used 114176K, capacity 117837K, committed 117916K, reserved 1150976K
  class space    used 14645K, capacity 16123K, committed 16128K, reserved 1048576K
}
Event: 60.647 GC heap after
{Heap after GC invocations=63 (full 0):
 garbage-first heap   total 407552K, used 200446K [0x0000000080000000, 0x0000000100000000)
  region size 1024K, 11 young (11264K), 11 survivors (11264K)
 Metaspace       used 114176K, capacity 117837K, committed 117916K, reserved 1150976K
  class space    used 14645K, capacity 16123K, committed 16128K, reserved 1048576K
}
Event: 61.196 GC heap before
{Heap before GC invocations=63 (full 0):
 garbage-first heap   total 407552K, used 327422K [0x0000000080000000, 0x0000000100000000)
  region size 1024K, 136 young (139264K), 11 survivors (11264K)
 Metaspace       used 114285K, capacity 117935K, committed 118300K, reserved 1150976K
  class space    used 14648K, capacity 16129K, committed 16256K, reserved 1048576K
}
Event: 61.217 GC heap after
{Heap after GC invocations=64 (full 0):
 garbage-first heap   total 407552K, used 203194K [0x0000000080000000, 0x0000000100000000)
  region size 1024K, 11 young (11264K), 11 survivors (11264K)
 Metaspace       used 114285K, capacity 117935K, committed 118300K, reserved 1150976K
  class space    used 14648K, capacity 16129K, committed 16256K, reserved 1048576K
}
Event: 61.528 GC heap before
{Heap before GC invocations=64 (full 0):
 garbage-first heap   total 407552K, used 332218K [0x0000000080000000, 0x0000000100000000)
  region size 1024K, 137 young (140288K), 11 survivors (11264K)
 Metaspace       used 114342K, capacity 118000K, committed 118300K, reserved 1150976K
  class space    used 14648K, capacity 16129K, committed 16256K, reserved 1048576K
}
Event: 61.544 GC heap after
{Heap after GC invocations=65 (full 0):
 garbage-first heap   total 407552K, used 205607K [0x0000000080000000, 0x0000000100000000)
  region size 1024K, 10 young (10240K), 10 survivors (10240K)
 Metaspace       used 114342K, capacity 118000K, committed 118300K, reserved 1150976K
  class space    used 14648K, capacity 16129K, committed 16256K, reserved 1048576K
}
Event: 61.832 GC heap before
{Heap before GC invocations=65 (full 0):
 garbage-first heap   total 407552K, used 335655K [0x0000000080000000, 0x0000000100000000)
  region size 1024K, 138 young (141312K), 10 survivors (10240K)
 Metaspace       used 114394K, capacity 118096K, committed 118300K, reserved 1150976K
  class space    used 14653K, capacity 16138K, committed 16256K, reserved 1048576K
}
Event: 61.853 GC heap after
{Heap after GC invocations=66 (full 0):
 garbage-first heap   total 475136K, used 209527K [0x0000000080000000, 0x0000000100000000)
  region size 1024K, 9 young (9216K), 9 survivors (9216K)
 Metaspace       used 114394K, capacity 118096K, committed 118300K, reserved 1150976K
  class space    used 14653K, capacity 16138K, committed 16256K, reserved 1048576K
}
Event: 62.408 GC heap before
{Heap before GC invocations=66 (full 0):
 garbage-first heap   total 475136K, used 366199K [0x0000000080000000, 0x0000000100000000)
  region size 1024K, 163 young (166912K), 9 survivors (9216K)
 Metaspace       used 114445K, capacity 118103K, committed 118300K, reserved 1150976K
  class space    used 14653K, capacity 16138K, committed 16256K, reserved 1048576K
}
Event: 62.434 GC heap after
{Heap after GC invocations=67 (full 0):
 garbage-first heap   total 475136K, used 213584K [0x0000000080000000, 0x0000000100000000)
  region size 1024K, 13 young (13312K), 13 survivors (13312K)
 Metaspace       used 114445K, capacity 118103K, committed 118300K, reserved 1150976K
  class space    used 14653K, capacity 16138K, committed 16256K, reserved 1048576K
}
Event: 63.080 GC heap before
{Heap before GC invocations=67 (full 0):
 garbage-first heap   total 475136K, used 393808K [0x0000000080000000, 0x0000000100000000)
  region size 1024K, 190 young (194560K), 13 survivors (13312K)
 Metaspace       used 114481K, capacity 118119K, committed 118300K, reserved 1150976K
  class space    used 14655K, capacity 16142K, committed 16256K, reserved 1048576K
}
Event: 63.098 GC heap after
{Heap after GC invocations=68 (full 0):
 garbage-first heap   total 475136K, used 216261K [0x0000000080000000, 0x0000000100000000)
  region size 1024K, 15 young (15360K), 15 survivors (15360K)
 Metaspace       used 114481K, capacity 118119K, committed 118300K, reserved 1150976K
  class space    used 14655K, capacity 16142K, committed 16256K, reserved 1048576K
}
Event: 63.726 GC heap before
{Heap before GC invocations=68 (full 0):
 garbage-first heap   total 475136K, used 397509K [0x0000000080000000, 0x0000000100000000)
  region size 1024K, 193 young (197632K), 15 survivors (15360K)
 Metaspace       used 114618K, capacity 118287K, committed 118556K, reserved 1150976K
  class space    used 14656K, capacity 16143K, committed 16256K, reserved 1048576K
}
Event: 63.749 GC heap after
{Heap after GC invocations=69 (full 0):
 garbage-first heap   total 475136K, used 217623K [0x0000000080000000, 0x0000000100000000)
  region size 1024K, 14 young (14336K), 14 survivors (14336K)
 Metaspace       used 114618K, capacity 118287K, committed 118556K, reserved 1150976K
  class space    used 14656K, capacity 16143K, committed 16256K, reserved 1048576K
}
Event: 64.207 GC heap before
{Heap before GC invocations=69 (full 0):
 garbage-first heap   total 475136K, used 400919K [0x0000000080000000, 0x0000000100000000)
  region size 1024K, 194 young (198656K), 14 survivors (14336K)
 Metaspace       used 114647K, capacity 118295K, committed 118556K, reserved 1150976K
  class space    used 14656K, capacity 16144K, committed 16256K, reserved 1048576K
}

