# JRE version: OpenJDK Runtime Environment (11.0.11+9) (build 11.0.11+9-b60-7590822)
# Java VM: OpenJDK 64-Bit Server VM (11.0.11+9-b60-7590822, mixed mode, tiered, compressed oops, g1 gc, windows-amd64)
Heap:
 garbage-first heap   total 500736K, used 218721K [0x0000000080000000, 0x0000000100000000)
  region size 1024K, 8 young (8192K), 8 survivors (8192K)
 Metaspace       used 156966K, capacity 162096K, committed 162376K, reserved 1189888K
  class space    used 19311K, capacity 21146K, committed 21248K, reserved 1048576K
GC Heap History (20 events):
Event: 14848.915 GC heap after
{Heap after GC invocations=343 (full 0):
 garbage-first heap   total 281600K, used 177722K [0x0000000080000000, 0x0000000100000000)
  region size 1024K, 7 young (7168K), 7 survivors (7168K)
 Metaspace       used 154645K, capacity 159663K, committed 159816K, reserved 1187840K
  class space    used 18915K, capacity 20707K, committed 20736K, reserved 1048576K
}
Event: 14848.933 GC heap before
{Heap before GC invocations=343 (full 0):
 garbage-first heap   total 281600K, used 183866K [0x0000000080000000, 0x0000000100000000)
  region size 1024K, 13 young (13312K), 7 survivors (7168K)
 Metaspace       used 154689K, capacity 159676K, committed 159816K, reserved 1187840K
  class space    used 18922K, capacity 20711K, committed 20736K, reserved 1048576K
}
Event: 14848.951 GC heap after
{Heap after GC invocations=344 (full 0):
 garbage-first heap   total 281600K, used 173796K [0x0000000080000000, 0x0000000100000000)
  region size 1024K, 2 young (2048K), 2 survivors (2048K)
 Metaspace       used 154689K, capacity 159676K, committed 159816K, reserved 1187840K
  class space    used 18922K, capacity 20711K, committed 20736K, reserved 1048576K
}
Event: 14849.178 GC heap before
{Heap before GC invocations=344 (full 0):
 garbage-first heap   total 281600K, used 220900K [0x0000000080000000, 0x0000000100000000)
  region size 1024K, 48 young (49152K), 2 survivors (2048K)
 Metaspace       used 154822K, capacity 159847K, committed 160200K, reserved 1189888K
  class space    used 18945K, capacity 20745K, committed 20864K, reserved 1048576K
}
Event: 14849.211 GC heap after
{Heap after GC invocations=345 (full 0):
 garbage-first heap   total 337920K, used 183484K [0x0000000080000000, 0x0000000100000000)
  region size 1024K, 6 young (6144K), 6 survivors (6144K)
 Metaspace       used 154822K, capacity 159847K, committed 160200K, reserved 1189888K
  class space    used 18945K, capacity 20745K, committed 20864K, reserved 1048576K
}
Event: 14849.713 GC heap before
{Heap before GC invocations=346 (full 0):
 garbage-first heap   total 337920K, used 247996K [0x0000000080000000, 0x0000000100000000)
  region size 1024K, 70 young (71680K), 6 survivors (6144K)
 Metaspace       used 155273K, capacity 160317K, committed 160456K, reserved 1189888K
  class space    used 19004K, capacity 20815K, committed 20864K, reserved 1048576K
}
Event: 14849.738 GC heap after
{Heap after GC invocations=347 (full 0):
 garbage-first heap   total 337920K, used 195540K [0x0000000080000000, 0x0000000100000000)
  region size 1024K, 9 young (9216K), 9 survivors (9216K)
 Metaspace       used 155273K, capacity 160317K, committed 160456K, reserved 1189888K
  class space    used 19004K, capacity 20815K, committed 20864K, reserved 1048576K
}
Event: 14849.817 GC heap before
{Heap before GC invocations=347 (full 0):
 garbage-first heap   total 337920K, used 201684K [0x0000000080000000, 0x0000000100000000)
  region size 1024K, 16 young (16384K), 9 survivors (9216K)
 Metaspace       used 155455K, capacity 160472K, committed 160712K, reserved 1189888K
  class space    used 19030K, capacity 20823K, committed 20864K, reserved 1048576K
}
Event: 14849.839 GC heap after
{Heap after GC invocations=348 (full 0):
 garbage-first heap   total 337920K, used 196608K [0x0000000080000000, 0x0000000100000000)
  region size 1024K, 2 young (2048K), 2 survivors (2048K)
 Metaspace       used 155455K, capacity 160472K, committed 160712K, reserved 1189888K
  class space    used 19030K, capacity 20823K, committed 20864K, reserved 1048576K
}
Event: 14850.137 GC heap before
{Heap before GC invocations=348 (full 0):
 garbage-first heap   total 337920K, used 259072K [0x0000000080000000, 0x0000000100000000)
  region size 1024K, 63 young (64512K), 2 survivors (2048K)
 Metaspace       used 155804K, capacity 160839K, committed 161096K, reserved 1189888K
  class space    used 19110K, capacity 20925K, committed 20992K, reserved 1048576K
}
Event: 14850.152 GC heap after
{Heap after GC invocations=349 (full 0):
 garbage-first heap   total 337920K, used 200024K [0x0000000080000000, 0x0000000100000000)
  region size 1024K, 6 young (6144K), 6 survivors (6144K)
 Metaspace       used 155804K, capacity 160839K, committed 161096K, reserved 1189888K
  class space    used 19110K, capacity 20925K, committed 20992K, reserved 1048576K
}
Event: 14850.678 GC heap before
{Heap before GC invocations=349 (full 0):
 garbage-first heap   total 337920K, used 262488K [0x0000000080000000, 0x0000000100000000)
  region size 1024K, 68 young (69632K), 6 survivors (6144K)
 Metaspace       used 156242K, capacity 161319K, committed 161480K, reserved 1189888K
  class space    used 19159K, capacity 20995K, committed 21120K, reserved 1048576K
}
Event: 14850.700 GC heap after
{Heap after GC invocations=350 (full 0):
 garbage-first heap   total 409600K, used 209975K [0x0000000080000000, 0x0000000100000000)
  region size 1024K, 9 young (9216K), 9 survivors (9216K)
 Metaspace       used 156242K, capacity 161319K, committed 161480K, reserved 1189888K
  class space    used 19159K, capacity 20995K, committed 21120K, reserved 1048576K
}
Event: 14850.985 GC heap before
{Heap before GC invocations=351 (full 0):
 garbage-first heap   total 409600K, used 295991K [0x0000000080000000, 0x0000000100000000)
  region size 1024K, 93 young (95232K), 9 survivors (9216K)
 Metaspace       used 156613K, capacity 161705K, committed 161992K, reserved 1189888K
  class space    used 19248K, capacity 21081K, committed 21120K, reserved 1048576K
}
Event: 14851.001 GC heap after
{Heap after GC invocations=352 (full 0):
 garbage-first heap   total 409600K, used 211751K [0x0000000080000000, 0x0000000100000000)
  region size 1024K, 7 young (7168K), 7 survivors (7168K)
 Metaspace       used 156613K, capacity 161705K, committed 161992K, reserved 1189888K
  class space    used 19248K, capacity 21081K, committed 21120K, reserved 1048576K
}
Event: 14851.229 GC heap before
{Heap before GC invocations=352 (full 0):
 garbage-first heap   total 409600K, used 305959K [0x0000000080000000, 0x0000000100000000)
  region size 1024K, 100 young (102400K), 7 survivors (7168K)
 Metaspace       used 156747K, capacity 161808K, committed 161992K, reserved 1189888K
  class space    used 19269K, capacity 21092K, committed 21120K, reserved 1048576K
}
Event: 14851.266 GC heap after
{Heap after GC invocations=353 (full 0):
 garbage-first heap   total 409600K, used 216508K [0x0000000080000000, 0x0000000100000000)
  region size 1024K, 12 young (12288K), 12 survivors (12288K)
 Metaspace       used 156747K, capacity 161808K, committed 161992K, reserved 1189888K
  class space    used 19269K, capacity 21092K, committed 21120K, reserved 1048576K
}
Event: 14852.013 GC heap before
{Heap before GC invocations=353 (full 0):
 garbage-first heap   total 409600K, used 314812K [0x0000000080000000, 0x0000000100000000)
  region size 1024K, 108 young (110592K), 12 survivors (12288K)
 Metaspace       used 156880K, capacity 161959K, committed 162120K, reserved 1189888K
  class space    used 19297K, capacity 21121K, committed 21248K, reserved 1048576K
}
Event: 14852.032 GC heap after
{Heap after GC invocations=354 (full 0):
 garbage-first heap   total 409600K, used 218138K [0x0000000080000000, 0x0000000100000000)
  region size 1024K, 9 young (9216K), 9 survivors (9216K)
 Metaspace       used 156880K, capacity 161959K, committed 162120K, reserved 1189888K
  class space    used 19297K, capacity 21121K, committed 21248K, reserved 1048576K
}
Event: 14852.578 GC heap before
{Heap before GC invocations=355 (full 0):
 garbage-first heap   total 409600K, used 321562K [0x0000000080000000, 0x0000000100000000)
  region size 1024K, 110 young (112640K), 9 survivors (9216K)
 Metaspace       used 156966K, capacity 162096K, committed 162376K, reserved 1189888K
  class space    used 19311K, capacity 21146K, committed 21248K, reserved 1048576K
}

